<?xml version="1.0" encoding="UTF-8"?>
<!-- Generated by org.testng.reporters.JUnitReportReporter -->
<testsuite hostname="LAPTOP-VLOHRU7V" failures="0" tests="1" name="com.Epsondoms.ProductTest.KidsProductTest" time="0.013" errors="0" timestamp="2024-10-28T15:45:59 IST" skipped="0">
  <testcase classname="com.Epsondoms.ProductTest.KidsProductTest" name="removeProduct" time="0.013"/>
  <system-out/>
</testsuite> <!-- com.Epsondoms.ProductTest.KidsProductTest -->
