<?xml version="1.0" encoding="UTF-8"?>
<!-- Generated by org.testng.reporters.JUnitReportReporter -->
<testsuite hostname="LAPTOP-VLOHRU7V" failures="0" tests="1" name="com.Epsondoms.WelcomeTest.VerifyWelcomePageTest" time="25.990" errors="0" timestamp="2024-10-31T16:02:26 IST" skipped="0">
  <testcase classname="com.Epsondoms.WelcomeTest.VerifyWelcomePageTest" name="verifyWelcomepagewithvalidinput" time="25.990"/>
  <system-out>
    <![CDATA[Title verified-pass:)
name textfield is displayed
Clear Action done successfully -name 
sendkeys Action done successfully -name
successfully closed the browser
successfully closed the browser]]>
  </system-out>
</testsuite> <!-- com.Epsondoms.WelcomeTest.VerifyWelcomePageTest -->
