<?xml version="1.0" encoding="UTF-8"?>
<!-- Generated by org.testng.reporters.JUnitReportReporter -->
<testsuite hostname="LAPTOP-VLOHRU7V" failures="0" tests="4" name="com.Epsondoms.ProductTest.WomensProductTest" time="0.008" errors="0" timestamp="2024-10-28T15:34:24 IST" skipped="0">
  <testcase classname="com.Epsondoms.ProductTest.WomensProductTest" name="updateProduct" time="0.003"/>
  <system-out/>
  <testcase classname="com.Epsondoms.ProductTest.WomensProductTest" name="removeProduct" time="0.002"/>
  <system-out/>
  <testcase classname="com.Epsondoms.ProductTest.WomensProductTest" name="removeProduct1" time="0.001"/>
  <system-out/>
  <testcase classname="com.Epsondoms.ProductTest.WomensProductTest" name="addProduct" time="0.002"/>
  <system-out/>
</testsuite> <!-- com.Epsondoms.ProductTest.WomensProductTest -->
